<?xml version="1.0" encoding="UTF-8"?>
<!-- Generated by org.testng.reporters.JUnitReportReporter -->
<testsuite skipped="0" hostname="DESKTOP-USJRJNP" name="VinothVijayakumar.facebook" tests="1" failures="0" timestamp="19 Jul 2020 13:51:21 GMT" time="31.136" errors="0">
  <testcase name="Test" time="31.136" classname="VinothVijayakumar.facebook"/>
</testsuite> <!-- VinothVijayakumar.facebook -->
