<?xml version="1.0" encoding="UTF-8"?>
<!-- Generated by org.testng.reporters.JUnitReportReporter -->
<testsuite skipped="0" hostname="ZQVIAAM3983411" name="Myte.MyteFinal" tests="1" failures="0" timestamp="27 Oct 2020 07:12:01 GMT" time="30.877" errors="0">
  <testcase name="Test" time="30.877" classname="Myte.MyteFinal"/>
</testsuite> <!-- Myte.MyteFinal -->
