<?xml version="1.0" encoding="UTF-8"?>
<!-- Generated by org.testng.reporters.JUnitReportReporter -->
<testsuite skipped="0" hostname="ZQVIAAM3983411" name="Myte.MyteFinal" tests="1" failures="0" timestamp="29 Aug 2020 10:14:00 GMT" time="40.933" errors="0">
  <testcase name="Test" time="40.933" classname="Myte.MyteFinal"/>
</testsuite> <!-- Myte.MyteFinal -->
