<?xml version="1.0" encoding="UTF-8"?>
<!-- Generated by org.testng.reporters.JUnitReportReporter -->
<testsuite skipped="0" hostname="DESKTOP-USJRJNP" name="VinothVijayakumar.Myte" tests="1" failures="0" timestamp="21 Jul 2020 16:36:37 GMT" time="72.259" errors="0">
  <testcase name="Test" time="72.259" classname="VinothVijayakumar.Myte"/>
</testsuite> <!-- VinothVijayakumar.Myte -->
